Start testing: Jul 12 12:52 KST
----------------------------------------------------------
1/1 Testing: MyTests
1/1 Test: MyTests
Command: "/home/ray/code/iio-practice/cpp/build/test/MyTests"
Directory: /home/ray/code/iio-practice/cpp/build/test
"MyTests" start time: Jul 12 12:52 KST
Output:
----------------------------------------------------------
[==========] Running 10 tests from 3 test suites.
[----------] Global test environment set-up.
[----------] 1 test from NmeaParserTestSuite
[ RUN      ] NmeaParserTestSuite.NmeaParserTestCode
[       OK ] NmeaParserTestSuite.NmeaParserTestCode (0 ms)
[----------] 1 test from NmeaParserTestSuite (0 ms total)

[----------] 8 tests from TokenizerTest
[ RUN      ] TokenizerTest.GetSeparatorTest
[       OK ] TokenizerTest.GetSeparatorTest (0 ms)
[ RUN      ] TokenizerTest.GetSourceTest
[       OK ] TokenizerTest.GetSourceTest (0 ms)
[ RUN      ] TokenizerTest.GetTokenSizeTest
[       OK ] TokenizerTest.GetTokenSizeTest (0 ms)
[ RUN      ] TokenizerTest.HasMoreTokensTest
[       OK ] TokenizerTest.HasMoreTokensTest (0 ms)
[ RUN      ] TokenizerTest.GetNextTokenTest
[       OK ] TokenizerTest.GetNextTokenTest (0 ms)
[ RUN      ] TokenizerTest.TokenizedGetTokenSizeTest
[$GPGGA, 002153.000, 3342.6618, N, 11751.3858, W, 1, 10, 1.2, 27.0, M, -34.2, M, , 0000*5E]
token size: 14
[       OK ] TokenizerTest.TokenizedGetTokenSizeTest (0 ms)
[ RUN      ] TokenizerTest.TokenizedHasMoreTokensTest
[$GPGGA, 002153.000, 3342.6618, N, 11751.3858, W, 1, 10, 1.2, 27.0, M, -34.2, M, , 0000*5E]
[       OK ] TokenizerTest.TokenizedHasMoreTokensTest (0 ms)
[ RUN      ] TokenizerTest.TokenizedGetNextTokenTest
[$GPGGA, 002153.000, 3342.6618, N, 11751.3858, W, 1, 10, 1.2, 27.0, M, -34.2, M, , 0000*5E]
token size: 14
[       OK ] TokenizerTest.TokenizedGetNextTokenTest (0 ms)
[----------] 8 tests from TokenizerTest (0 ms total)

[----------] 1 test from TestTest
[ RUN      ] TestTest.TestTestCode
[       OK ] TestTest.TestTestCode (0 ms)
[----------] 1 test from TestTest (0 ms total)

[----------] Global test environment tear-down
[==========] 10 tests from 3 test suites ran. (0 ms total)
[  PASSED  ] 10 tests.
<end of output>
Test time =   0.00 sec
----------------------------------------------------------
Test Passed.
"MyTests" end time: Jul 12 12:52 KST
"MyTests" time elapsed: 00:00:00
----------------------------------------------------------

End testing: Jul 12 12:52 KST
