Start testing: Jul 11 16:54 KST
----------------------------------------------------------
1/1 Testing: MyTests
1/1 Test: MyTests
Command: "/home/ray/code/iio-practice/cpp/build/test/MyTests"
Directory: /home/ray/code/iio-practice/cpp/build/test
"MyTests" start time: Jul 11 16:54 KST
Output:
----------------------------------------------------------
[==========] Running 2 tests from 2 test suites.
[----------] Global test environment set-up.
[----------] 1 test from NmeaParserTestSuite
[ RUN      ] NmeaParserTestSuite.NmeaParserTestCode
pos:0new_pos: 6
pos:7new_pos: 17
pos:18new_pos: 27
pos:28new_pos: 29
pos:30new_pos: 40
pos:41new_pos: 42
pos:43new_pos: 44
pos:45new_pos: 47
pos:48new_pos: 51
pos:52new_pos: 56
pos:57new_pos: 58
pos:59new_pos: 64
pos:65new_pos: 66
pos:67new_pos: 67
$GPGGA,002153.000,3342.6618,N,11751.3858,W,1,10,1.2,27.0,M,-34.2,M,,0000*5E
002153.000,3342.6618,N,11751.3858,W,1,10,1.2,27.0,M,-34.2,M,,0000*5E
3342.6618,N,11751.3858,W,1,10,1.2,27.0,M,-34.2,M,,0000*5E
N,11751.3858,W,1,10,1.2,27.0,M,-34.2,M,,0000*5E
11751.3858,W,1,10,1.2,27.0,M,-34.2,M,,0000*5E
W,1,10,1.2,27.0,M,-34.2,M,,0000*5E
1,10,1.2,27.0,M,-34.2,M,,0000*5E
10,1.2,27.0,M,-34.2,M,,0000*5E
1.2,27.0,M,-34.2,M,,0000*5E
27.0,M,-34.2,M,,0000*5E
M,-34.2,M,,0000*5E
-34.2,M,,0000*5E
M,,0000*5E
,0000*5E
get_common()
exception in get_common(): stoi
<end of output>
Test time =   0.00 sec
----------------------------------------------------------
Test Failed.
"MyTests" end time: Jul 11 16:54 KST
"MyTests" time elapsed: 00:00:00
----------------------------------------------------------

End testing: Jul 11 16:54 KST
